2024-01-26T15:12:48.141Z: User ala@gmail.com logged in successfully!
2024-01-26T16:34:43.641Z: User ala@gmail.com logged in successfully!
2024-01-26T17:11:27.788Z: User ala@gmail.com logged in successfully!
2024-01-26T17:11:48.152Z: User mike@gmail.com logged in successfully!
2024-01-27T02:36:18.192Z: User ala@gmail.com logged in successfully!
2024-01-27T03:59:01.917Z: User ala created successfully!
2024-01-27T04:00:46.207Z: User ala@gmail.com logged in successfully!
2024-01-27T04:10:24.949Z: User ala created successfully!
2024-01-27T14:41:05.423Z: User ala@gmail.com logged in successfully!
2024-01-27T15:12:31.931Z: User ala@gmail.com logged in successfully!
2024-01-27T15:20:46.246Z: User ala@gmail.com logged in successfully!
2024-01-27T15:24:12.847Z: User ala@gmail.com logged in successfully!
2024-01-27T15:26:40.184Z: User ala@gmail.com logged in successfully!
2024-01-27T15:27:52.162Z: User ala@gmail.com logged in successfully!
2024-01-27T15:28:38.474Z: User ala@gmail.com logged in successfully!
2024-01-27T15:29:22.196Z: User ala@gmail.com logged in successfully!
2024-01-27T15:29:44.036Z: User ala@gmail.com logged in successfully!
2024-01-27T15:30:13.948Z: User ala@gmail.com logged in successfully!
2024-01-27T15:30:44.163Z: User ala@gmail.com logged in successfully!
2024-01-27T15:31:45.362Z: User ala@gmail.com logged in successfully!
2024-01-27T15:32:20.799Z: User ala@gmail.com logged in successfully!
2024-01-27T15:34:26.371Z: User ala@gmail.com logged in successfully!
2024-01-27T15:46:42.255Z: User ala@gmail.com logged in successfully!
2024-01-27T15:48:41.579Z: User ala@gmail.com logged in successfully!
2024-01-27T15:50:17.782Z: User ala@gmail.com logged in successfully!
2024-01-27T15:53:13.775Z: User ala@gmail.com logged in successfully!
2024-01-27T16:17:58.363Z: User ala@gmail.com logged in successfully!
2024-01-27T16:19:41.490Z: User ala@gmail.com logged in successfully!
2024-01-27T16:21:59.990Z: User ala@gmail.com logged in successfully!
2024-01-27T16:35:57.503Z: User ala@gmail.com logged in successfully!
2024-01-27T16:36:50.120Z: User ala@gmail.com logged in successfully!
2024-01-27T16:40:41.679Z: User ala@gmail.com logged in successfully!
2024-01-27T16:42:12.019Z: User ala@gmail.com logged in successfully!
2024-01-27T16:48:15.841Z: User ala@gmail.com logged in successfully!
2024-01-27T18:49:52.037Z: User ala@gmail.com logged in successfully!
2024-01-27T18:59:44.256Z: User ala@gmail.com logged in successfully!
2024-01-27T19:11:15.074Z: User ala@gmail.com logged in successfully!
2024-01-27T19:29:43.529Z: User ala@gmail.com logged in successfully!
2024-01-27T19:35:08.976Z: User ala created successfully!
2024-01-27T19:35:19.863Z: User ala@gmail.com logged in successfully!
2024-01-27T20:10:11.384Z: User ala created successfully!
2024-01-27T20:10:21.022Z: User ala@gmail.com logged in successfully!
2024-01-27T20:16:50.216Z: User mike@gmail.com logged in successfully!
2024-01-27T20:59:39.433Z: User mike@gmail.com logged in successfully!
2024-01-27T21:03:35.606Z: User ala created successfully!
2024-01-27T21:03:51.761Z: User ala@gmail.com logged in successfully!
2024-01-27T21:16:35.404Z: User ala@gmail.com logged in successfully!
2024-01-27T21:58:55.438Z: User ala@gmail.com logged in successfully!
2024-01-27T22:15:42.294Z: User ala@gmail.com logged in successfully!
2024-01-27T22:17:34.629Z: User ala@gmail.com logged in successfully!
2024-01-27T22:23:10.025Z: User ala@gmail.com logged in successfully!
2024-01-27T22:42:28.180Z: User ala@gmail.com logged in successfully!
2024-01-27T23:58:51.740Z: User ala@gmail.com logged in successfully!
2024-01-28T00:26:32.951Z: User ala@gmail.com logged in successfully!
2024-01-28T00:29:26.421Z: User ala@gmail.com logged in successfully!
2024-01-28T00:39:09.476Z: User ala@gmail.com logged in successfully!
2024-01-28T00:53:55.701Z: User ala@gmail.com logged in successfully!
2024-01-28T02:52:28.183Z: User ala@gmail.com logged in successfully!
2024-01-28T02:53:25.130Z: User ala@gmail.com logged in successfully!
2024-01-28T03:09:04.931Z: User ala@gmail.com logged in successfully!
2024-01-28T03:11:45.915Z: User ala@gmail.com logged in successfully!
2024-01-28T03:15:48.431Z: User ala@gmail.com logged in successfully!
2024-01-28T03:17:14.225Z: User ala@gmail.com logged in successfully!
2024-01-28T03:18:05.512Z: User ala@gmail.com logged in successfully!
2024-01-28T03:21:53.574Z: User ala@gmail.com logged in successfully!
2024-01-28T12:57:49.935Z: User ala@gmail.com logged in successfully!
2024-01-28T13:11:29.248Z: User ala@gmail.com logged in successfully!
2024-01-28T13:29:25.378Z: User ala@gmail.com logged in successfully!
2024-01-28T13:30:45.641Z: User ala@gmail.com logged in successfully!
2024-01-28T13:35:49.913Z: User ala@gmail.com logged in successfully!
2024-01-28T13:37:06.845Z: User ala@gmail.com logged in successfully!
2024-01-28T13:38:21.961Z: User ala@gmail.com logged in successfully!
2024-01-28T13:42:00.850Z: User ala@gmail.com logged in successfully!
2024-01-28T13:59:52.336Z: User mike created successfully!
2024-01-28T14:00:02.200Z: User mike@gmail.com logged in successfully!
2024-01-28T14:00:36.003Z: User ala@gmail.com logged in successfully!
2024-01-28T14:05:39.538Z: User ala@gmail.com logged in successfully!
2024-01-28T14:08:51.069Z: User mike@gmail.com logged in successfully!
2024-01-28T14:10:48.641Z: User ala@gmail.com logged in successfully!
2024-01-28T14:14:34.691Z: User mike@gmail.com logged in successfully!
2024-01-28T14:49:37.447Z: User ala@gmail.com logged in successfully!
2024-01-28T14:50:32.735Z: User mike@gmail.com logged in successfully!
2024-01-28T15:10:42.592Z: User ala@gmail.com logged in successfully!
2024-01-28T15:11:50.553Z: User mike@gmail.com logged in successfully!
2024-01-28T15:29:10.598Z: User ala@gmail.com logged in successfully!
2024-01-28T15:29:37.576Z: User mike@gmail.com logged in successfully!
2024-01-28T16:04:33.821Z: User ala@gmail.com logged in successfully!
2024-01-28T16:15:53.567Z: User ala@gmail.com logged in successfully!
2024-01-28T16:20:03.070Z: User ala@gmail.com logged in successfully!
2024-01-28T16:28:02.769Z: User ala@gmail.com logged in successfully!
2024-01-28T16:53:57.315Z: User john created successfully!
2024-01-28T16:54:05.486Z: User john@gmail.com logged in successfully!
2024-01-28T17:20:47.450Z: User ala@gmail.com logged in successfully!
2024-01-28T17:30:20.981Z: User ala@gmail.com logged in successfully!
2024-01-28T17:36:44.892Z: User ala@gmail.com logged in successfully at 6:36:44 PM!
2024-01-28T17:42:13.205Z: User ala@gmail.com logged in successfully at 6:42:13 PM!
2024-01-28T17:42:58.634Z: User ala@gmail.com logged in successfully at 6:42:58 PM!
2024-01-28T17:43:32.670Z: User john@gmail.com logged in successfully at 6:43:32 PM!
2024-01-28T17:57:58.237Z: User ala@gmail.com logged in successfully at 6:57:58 PM!
2024-01-28T17:58:25.688Z: User john@gmail.com logged in successfully at 6:58:25 PM!
2024-01-28T17:59:49.570Z: User john@gmail.com logged in successfully at 6:59:49 PM!
2024-01-28T18:01:24.248Z: User john@gmail.com logged in successfully at 7:01:24 PM!
2024-01-28T18:05:20.317Z: User ala@gmail.com logged in successfully at 7:05:20 PM!
2024-01-28T18:06:08.287Z: User john@gmail.com logged in successfully at 7:06:08 PM!
2024-01-28T18:14:39.724Z: User john@gmail.com logged in successfully at 7:14:39 PM!
2024-01-28T18:14:59.565Z: User john@gmail.com logged in successfully at 7:14:59 PM!
